Base path: C:/Program Files (x86)/Unity/Editor/Data
Pipe name: \\.\pipe\UnityShaderCompiler-2-4520
Cmd: getPlatforms
Cmd: compileSnippet
  api=8 type=0 insize=956 outsize=1812 kw= ok=1
Cmd: compileSnippet
  api=8 type=0 insize=1260 outsize=1950 kw= ok=1
Cmd: compileSnippet
  api=8 type=1 insize=1260 outsize=2535 kw= ok=1
Cmd: compileSnippet
  api=8 type=1 insize=1222 outsize=1715 kw= ok=1
Cmd: compileSnippet
  api=8 type=1 insize=1218 outsize=1715 kw= ok=1
Cmd: compileSnippet
  api=8 type=0 insize=1333 outsize=1950 kw= ok=1
Cmd: compileSnippet
  api=8 type=0 insize=942 outsize=1690 kw= ok=1
Cmd: compileSnippet
  api=8 type=0 insize=1041 outsize=1812 kw= ok=1
Unhandled exception: Readfile from pipe failed. GLE=The pipe has been ended.


Quitting shader compiler process
