Base path: C:/Program Files (x86)/Unity/Editor/Data
Pipe name: \\.\pipe\UnityShaderCompiler-4-3136
Cmd: getPlatforms
Cmd: compileSnippet
  api=8 type=0 insize=986 outsize=1812 kw= ok=1
Cmd: compileSnippet
  api=8 type=1 insize=986 outsize=1113 kw= ok=1
Cmd: compileSnippet
  api=8 type=0 insize=1203 outsize=1950 kw= ok=1
Cmd: compileSnippet
  api=8 type=1 insize=1203 outsize=1690 kw= ok=1
Cmd: compileSnippet
  api=8 type=1 insize=1260 outsize=1609 kw= ok=1
Cmd: compileSnippet
  api=8 type=1 insize=949 outsize=1113 kw= ok=1
Cmd: compileSnippet
  api=8 type=0 insize=1282 outsize=1950 kw= ok=1
Cmd: compileSnippet
  api=8 type=0 insize=1222 outsize=1950 kw= ok=1
Cmd: compileSnippet
  api=8 type=0 insize=1277 outsize=1950 kw= ok=1
Cmd: compileSnippet
  api=8 type=1 insize=1277 outsize=1593 kw= ok=1
Cmd: compileSnippet
  api=8 type=0 insize=1051 outsize=1690 kw= ok=1
Cmd: compileSnippet
  api=8 type=1 insize=1051 outsize=2015 kw= ok=1
Cmd: compileSnippet
  api=8 type=1 insize=1041 outsize=1390 kw= ok=1
Unhandled exception: Readfile from pipe failed. GLE=The pipe has been ended.


Quitting shader compiler process
