Base path: C:/Program Files (x86)/Unity/Editor/Data
Pipe name: \\.\pipe\UnityShaderCompiler-2-4280
Cmd: getPlatforms
Cmd: compileSnippet
  api=9 type=0 insize=956 outsize=793 kw= ok=1
Cmd: compileSnippet
  api=9 type=0 insize=986 outsize=721 kw= ok=1
Cmd: compileSnippet
  api=5 type=0 insize=1203 outsize=1137 kw= ok=1
Cmd: compileSnippet
  api=5 type=0 insize=1322 outsize=1462 kw= ok=1
Cmd: compileSnippet
  api=5 type=0 insize=1260 outsize=1011 kw= ok=1
Cmd: compileSnippet
  api=9 type=0 insize=949 outsize=775 kw= ok=1
Cmd: compileSnippet
  api=5 type=1 insize=1260 outsize=6 kw= ok=1
Cmd: compileSnippet
  api=9 type=1 insize=1282 outsize=7 kw= ok=1
Cmd: compileSnippet
  api=9 type=0 insize=1218 outsize=1116 kw= ok=1
Cmd: compileSnippet
  api=9 type=1 insize=1277 outsize=7 kw= ok=1
Cmd: compileSnippet
  api=9 type=1 insize=942 outsize=7 kw= ok=1
Cmd: compileSnippet
  api=9 type=0 insize=1041 outsize=928 kw= ok=1
Unhandled exception: Readfile from pipe failed. GLE=The pipe has been ended.


Quitting shader compiler process
