Base path: C:/Program Files (x86)/Unity/Editor/Data
Pipe name: \\.\pipe\UnityShaderCompiler-2-6844
Cmd: getPlatforms
Cmd: compileSnippet
  api=9 type=0 insize=898 outsize=629 kw= ok=1
Cmd: compileSnippet
  api=9 type=0 insize=1770 outsize=1652 kw= ok=1
Cmd: compileSnippet
  api=5 type=1 insize=1381 outsize=6 kw= ok=1
Cmd: compileSnippet
  api=9 type=1 insize=2154 outsize=7 kw= ok=1
Cmd: compileSnippet
  api=9 type=1 insize=1788 outsize=7 kw= ok=1
Cmd: compileSnippet
  api=9 type=1 insize=2219 outsize=7 kw= ok=1
Cmd: compileSnippet
  api=9 type=0 insize=924 outsize=705 kw= ok=1
Cmd: compileSnippet
  api=5 type=1 insize=924 outsize=6 kw= ok=1
Cmd: compileSnippet
  api=9 type=0 insize=1329 outsize=1271 kw= ok=1
Cmd: compileSnippet
  api=9 type=0 insize=1252 outsize=1108 kw= ok=1
Cmd: compileSnippet
  api=9 type=0 insize=1237 outsize=1132 kw= ok=1
Cmd: compileSnippet
  api=5 type=1 insize=1237 outsize=6 kw= ok=1
Cmd: compileSnippet
  api=9 type=0 insize=2284 outsize=2501 kw= ok=1
Cmd: compileSnippet
  api=5 type=1 insize=2284 outsize=6 kw= ok=1
Cmd: compileSnippet
  api=9 type=1 insize=882 outsize=7 kw= ok=1
Cmd: compileSnippet
  api=9 type=1 insize=1051 outsize=7 kw= ok=1
Cmd: compileSnippet
  api=9 type=1 insize=1917 outsize=7 kw= ok=1
Unhandled exception: Readfile from pipe failed. GLE=The pipe has been ended.


Quitting shader compiler process
